[2019-04-23 13:52:13.378] [sharedprocess] [info] main {"machineId":"a4c7eb2719b91130684cbc5ea908b9a7035615bb6a16d4408d3bdbc98dfd96bb"}
[2019-04-23 13:52:13.506] [sharedprocess] [info] Scanned user extensions: 12
[2019-04-23 13:52:13.542] [sharedprocess] [info] Scanned user extensions: 12
[2019-04-23 13:52:13.723] [sharedprocess] [info] Scanned system extensions: 72
[2019-04-23 13:52:13.725] [sharedprocess] [info] Deleted from disk vstirbu.vscode-mermaid-preview /home/phos/.vscode/extensions/vstirbu.vscode-mermaid-preview-0.11.2
[2019-04-23 13:52:13.726] [sharedprocess] [info] Scanned system extensions: 72
[2019-04-23 13:52:14.001] [sharedprocess] [info] Scanned user extensions: 12
[2019-04-23 13:52:15.062] [sharedprocess] [info] Installing extension: ms-mssql.mssql
[2019-04-23 13:52:15.063] [sharedprocess] [info] Installing extension: vscode-icons-team.vscode-icons
[2019-04-23 13:52:15.078] [sharedprocess] [info] Scanned user extensions: 12
[2019-04-23 13:52:15.083] [sharedprocess] [info] Scanned user extensions: 12
[2019-04-23 13:52:15.772] [sharedprocess] [info] Downloaded extension: vscode-icons-team.vscode-icons /tmp/d490e398-a26e-405f-9b65-14bbb24bb715
[2019-04-23 13:52:16.215] [sharedprocess] [info] Downloaded extension: ms-mssql.mssql /tmp/c1d30e00-85e1-443b-a34b-bb2f809f519c
[2019-04-23 13:52:19.395] [sharedprocess] [info] Extracted extension to /home/phos/.vscode/extensions/.vscode-icons-team.vscode-icons-8.6.0: vscode-icons-team.vscode-icons
[2019-04-23 13:52:19.395] [sharedprocess] [info] Renamed to /home/phos/.vscode/extensions/vscode-icons-team.vscode-icons-8.6.0
[2019-04-23 13:52:19.397] [sharedprocess] [info] Installation completed. vscode-icons-team.vscode-icons
[2019-04-23 13:52:19.417] [sharedprocess] [info] Extensions installed successfully: vscode-icons-team.vscode-icons
[2019-04-23 13:52:20.850] [sharedprocess] [info] Extracted extension to /home/phos/.vscode/extensions/.ms-mssql.mssql-1.6.0: ms-mssql.mssql
[2019-04-23 13:52:20.850] [sharedprocess] [info] Renamed to /home/phos/.vscode/extensions/ms-mssql.mssql-1.6.0
[2019-04-23 13:52:20.852] [sharedprocess] [info] Installation completed. ms-mssql.mssql
[2019-04-23 13:52:20.889] [sharedprocess] [info] Scanned user extensions: 12
[2019-04-23 13:52:20.908] [sharedprocess] [info] Scanned system extensions: 72
[2019-04-23 13:52:20.913] [sharedprocess] [info] Extensions installed successfully: ms-mssql.mssql
[2019-04-23 13:52:53.389] [sharedprocess] [info] Starting to clean up unused language packs.
[2019-04-23 13:57:14.032] [sharedprocess] [info] Scanned user extensions: 12
