[2019-04-19 18:05:40.214] [sharedprocess] [info] main {"machineId":"a4c7eb2719b91130684cbc5ea908b9a7035615bb6a16d4408d3bdbc98dfd96bb"}
[2019-04-19 18:05:40.280] [sharedprocess] [info] Scanned user extensions: 12
[2019-04-19 18:05:40.288] [sharedprocess] [info] Scanned user extensions: 12
[2019-04-19 18:05:40.310] [sharedprocess] [info] Scanned system extensions: 72
[2019-04-19 18:05:40.311] [sharedprocess] [info] Scanned system extensions: 72
[2019-04-19 18:05:40.549] [sharedprocess] [info] Scanned user extensions: 12
[2019-04-19 18:05:41.790] [sharedprocess] [info] Installing extension: vstirbu.vscode-mermaid-preview
[2019-04-19 18:05:41.808] [sharedprocess] [info] Scanned user extensions: 12
[2019-04-19 18:05:42.615] [sharedprocess] [info] Downloaded extension: vstirbu.vscode-mermaid-preview /tmp/e4796c30-ec72-4a38-884f-962517bab73b
[2019-04-19 18:05:44.139] [sharedprocess] [info] Extracted extension to /home/phos/.vscode/extensions/.vstirbu.vscode-mermaid-preview-0.12.0: vstirbu.vscode-mermaid-preview
[2019-04-19 18:05:44.140] [sharedprocess] [info] Renamed to /home/phos/.vscode/extensions/vstirbu.vscode-mermaid-preview-0.12.0
[2019-04-19 18:05:44.140] [sharedprocess] [info] Installation completed. vstirbu.vscode-mermaid-preview
[2019-04-19 18:05:44.153] [sharedprocess] [info] Extensions installed successfully: vstirbu.vscode-mermaid-preview
[2019-04-19 18:06:20.218] [sharedprocess] [info] Starting to clean up unused language packs.
[2019-04-19 18:10:40.784] [sharedprocess] [info] Scanned user extensions: 12
[2019-04-19 18:30:13.015] [sharedprocess] [info] Scanned user extensions: 12
[2019-04-19 18:35:13.245] [sharedprocess] [info] Scanned user extensions: 12
[2019-04-19 18:42:30.220] [sharedprocess] [info] Scanned user extensions: 12
[2019-04-19 18:47:30.450] [sharedprocess] [info] Scanned user extensions: 12
[2019-04-19 18:52:30.790] [sharedprocess] [info] Scanned user extensions: 12
[2019-04-20 20:25:56.227] [sharedprocess] [info] Scanned user extensions: 12
